-------------------------------------------------------------------------------
Test set: com.fs.superherosighting.dao.LocationDaoDBTest
-------------------------------------------------------------------------------
Tests run: 4, Failures: 0, Errors: 4, Skipped: 0, Time elapsed: 0.059 sec <<< FAILURE! - in com.fs.superherosighting.dao.LocationDaoDBTest
testGetAlllocations  Time elapsed: 0.012 sec  <<< ERROR!
org.springframework.dao.DataIntegrityViolationException: PreparedStatementCallback; SQL [DELETE FROM sighting WHERE location_id = ?]; Cannot delete or update a parent row: a foreign key constraint fails (`superherosightingdbtest`.`super_sighting`, CONSTRAINT `super_sighting_ibfk_2` FOREIGN KEY (`sighting_id`) REFERENCES `sighting` (`sighting_id`)); nested exception is java.sql.SQLIntegrityConstraintViolationException: Cannot delete or update a parent row: a foreign key constraint fails (`superherosightingdbtest`.`super_sighting`, CONSTRAINT `super_sighting_ibfk_2` FOREIGN KEY (`sighting_id`) REFERENCES `sighting` (`sighting_id`))
	at com.fs.superherosighting.dao.LocationDaoDBTest.setUp(LocationDaoDBTest.java:52)
Caused by: java.sql.SQLIntegrityConstraintViolationException: Cannot delete or update a parent row: a foreign key constraint fails (`superherosightingdbtest`.`super_sighting`, CONSTRAINT `super_sighting_ibfk_2` FOREIGN KEY (`sighting_id`) REFERENCES `sighting` (`sighting_id`))
	at com.fs.superherosighting.dao.LocationDaoDBTest.setUp(LocationDaoDBTest.java:52)

testDeletelocationById  Time elapsed: 0.01 sec  <<< ERROR!
org.springframework.dao.DataIntegrityViolationException: PreparedStatementCallback; SQL [DELETE FROM sighting WHERE location_id = ?]; Cannot delete or update a parent row: a foreign key constraint fails (`superherosightingdbtest`.`super_sighting`, CONSTRAINT `super_sighting_ibfk_2` FOREIGN KEY (`sighting_id`) REFERENCES `sighting` (`sighting_id`)); nested exception is java.sql.SQLIntegrityConstraintViolationException: Cannot delete or update a parent row: a foreign key constraint fails (`superherosightingdbtest`.`super_sighting`, CONSTRAINT `super_sighting_ibfk_2` FOREIGN KEY (`sighting_id`) REFERENCES `sighting` (`sighting_id`))
	at com.fs.superherosighting.dao.LocationDaoDBTest.setUp(LocationDaoDBTest.java:52)
Caused by: java.sql.SQLIntegrityConstraintViolationException: Cannot delete or update a parent row: a foreign key constraint fails (`superherosightingdbtest`.`super_sighting`, CONSTRAINT `super_sighting_ibfk_2` FOREIGN KEY (`sighting_id`) REFERENCES `sighting` (`sighting_id`))
	at com.fs.superherosighting.dao.LocationDaoDBTest.setUp(LocationDaoDBTest.java:52)

testUpdatelocation  Time elapsed: 0.011 sec  <<< ERROR!
org.springframework.dao.DataIntegrityViolationException: PreparedStatementCallback; SQL [DELETE FROM sighting WHERE location_id = ?]; Cannot delete or update a parent row: a foreign key constraint fails (`superherosightingdbtest`.`super_sighting`, CONSTRAINT `super_sighting_ibfk_2` FOREIGN KEY (`sighting_id`) REFERENCES `sighting` (`sighting_id`)); nested exception is java.sql.SQLIntegrityConstraintViolationException: Cannot delete or update a parent row: a foreign key constraint fails (`superherosightingdbtest`.`super_sighting`, CONSTRAINT `super_sighting_ibfk_2` FOREIGN KEY (`sighting_id`) REFERENCES `sighting` (`sighting_id`))
	at com.fs.superherosighting.dao.LocationDaoDBTest.setUp(LocationDaoDBTest.java:52)
Caused by: java.sql.SQLIntegrityConstraintViolationException: Cannot delete or update a parent row: a foreign key constraint fails (`superherosightingdbtest`.`super_sighting`, CONSTRAINT `super_sighting_ibfk_2` FOREIGN KEY (`sighting_id`) REFERENCES `sighting` (`sighting_id`))
	at com.fs.superherosighting.dao.LocationDaoDBTest.setUp(LocationDaoDBTest.java:52)

testAddAndGetlocation  Time elapsed: 0.009 sec  <<< ERROR!
org.springframework.dao.DataIntegrityViolationException: PreparedStatementCallback; SQL [DELETE FROM sighting WHERE location_id = ?]; Cannot delete or update a parent row: a foreign key constraint fails (`superherosightingdbtest`.`super_sighting`, CONSTRAINT `super_sighting_ibfk_2` FOREIGN KEY (`sighting_id`) REFERENCES `sighting` (`sighting_id`)); nested exception is java.sql.SQLIntegrityConstraintViolationException: Cannot delete or update a parent row: a foreign key constraint fails (`superherosightingdbtest`.`super_sighting`, CONSTRAINT `super_sighting_ibfk_2` FOREIGN KEY (`sighting_id`) REFERENCES `sighting` (`sighting_id`))
	at com.fs.superherosighting.dao.LocationDaoDBTest.setUp(LocationDaoDBTest.java:52)
Caused by: java.sql.SQLIntegrityConstraintViolationException: Cannot delete or update a parent row: a foreign key constraint fails (`superherosightingdbtest`.`super_sighting`, CONSTRAINT `super_sighting_ibfk_2` FOREIGN KEY (`sighting_id`) REFERENCES `sighting` (`sighting_id`))
	at com.fs.superherosighting.dao.LocationDaoDBTest.setUp(LocationDaoDBTest.java:52)

